{"name": "test_Package_is_not_Activated", "status": "broken", "statusDetails": {"message": "selenium.common.exceptions.NoSuchWindowException: Message: no such window: target window already closed\nfrom unknown error: web view not found\n  (Session info: chrome=111.0.5563.147)\nStacktrace:\nBacktrace:\n\t(No symbol) [0x0083DCE3]\n\t(No symbol) [0x007D39D1]\n\t(No symbol) [0x006E4DA8]\n\t(No symbol) [0x006CD0D3]\n\t(No symbol) [0x0072EA8B]\n\t(No symbol) [0x0073D093]\n\t(No symbol) [0x0072ACC6]\n\t(No symbol) [0x00706F68]\n\t(No symbol) [0x007080CD]\n\tGetHandleVerifier [0x00AB3832+2506274]\n\tGetHandleVerifier [0x00AE9794+2727300]\n\tGetHandleVerifier [0x00AEE36C+2746716]\n\tGetHandleVerifier [0x008E6690+617600]\n\t(No symbol) [0x007DC712]\n\t(No symbol) [0x007E1FF8]\n\t(No symbol) [0x007E20DB]\n\t(No symbol) [0x007EC63B]\n\tBaseThreadInitThunk [0x76487D69+25]\n\tRtlInitializeExceptionChain [0x779CB74B+107]\n\tRtlClearBits [0x779CB6CF+191]", "trace": "request = <SubRequest 'setup' for <Function test_Package_is_not_Activated>>\n\n    @pytest.fixture()\n    def setup(request):\n        request.cls.driver = webdriver.Chrome()\n        request.cls.driver.get(\"https://www.zamit.one/login\")\n        #request.cls.driver.get(\"https://www.zamit.one\")\n        #request.cls.driver.get(\"https://zcas.zamit.one/login\")\n>       request.cls.driver.maximize_window()\n\nconftest.py:11: \n_ _ _ _ _ _ _ _ _ _ _ _ _ _ _ _ _ _ _ _ _ _ _ _ _ _ _ _ _ _ _ _ _ _ _ _ _ _ _ _ _ _ _ _ _ _ _ _ _ _ _ _ _ _ _ _ _ _ _ _ _ _ _ _ _ _ _ _ _ _ _ _ _ _ _ _ _ _ _ _ _ \n..\\venv\\lib\\site-packages\\selenium\\webdriver\\remote\\webdriver.py:592: in maximize_window\n    self.execute(command, None)\n..\\venv\\lib\\site-packages\\selenium\\webdriver\\remote\\webdriver.py:440: in execute\n    self.error_handler.check_response(response)\n_ _ _ _ _ _ _ _ _ _ _ _ _ _ _ _ _ _ _ _ _ _ _ _ _ _ _ _ _ _ _ _ _ _ _ _ _ _ _ _ _ _ _ _ _ _ _ _ _ _ _ _ _ _ _ _ _ _ _ _ _ _ _ _ _ _ _ _ _ _ _ _ _ _ _ _ _ _ _ _ _ \n\nself = <selenium.webdriver.remote.errorhandler.ErrorHandler object at 0x00000234A6506AD0>\nresponse = {'status': 404, 'value': '{\"value\":{\"error\":\"no such window\",\"message\":\"no such window: target window already closed\\\\...dInitThunk [0x76487D69+25]\\\\n\\\\tRtlInitializeExceptionChain [0x779CB74B+107]\\\\n\\\\tRtlClearBits [0x779CB6CF+191]\\\\n\"}}'}\n\n    def check_response(self, response: Dict[str, Any]) -> None:\n        \"\"\"Checks that a JSON response from the WebDriver does not have an\n        error.\n    \n        :Args:\n         - response - The JSON response from the WebDriver server as a dictionary\n           object.\n    \n        :Raises: If the response contains an error message.\n        \"\"\"\n        status = response.get(\"status\", None)\n        if not status or status == ErrorCode.SUCCESS:\n            return\n        value = None\n        message = response.get(\"message\", \"\")\n        screen: str = response.get(\"screen\", \"\")\n        stacktrace = None\n        if isinstance(status, int):\n            value_json = response.get(\"value\", None)\n            if value_json and isinstance(value_json, str):\n                import json\n    \n                try:\n                    value = json.loads(value_json)\n                    if len(value.keys()) == 1:\n                        value = value[\"value\"]\n                    status = value.get(\"error\", None)\n                    if not status:\n                        status = value.get(\"status\", ErrorCode.UNKNOWN_ERROR)\n                        message = value.get(\"value\") or value.get(\"message\")\n                        if not isinstance(message, str):\n                            value = message\n                            message = message.get(\"message\")\n                    else:\n                        message = value.get(\"message\", None)\n                except ValueError:\n                    pass\n    \n        exception_class: Type[WebDriverException]\n        if status in ErrorCode.NO_SUCH_ELEMENT:\n            exception_class = NoSuchElementException\n        elif status in ErrorCode.NO_SUCH_FRAME:\n            exception_class = NoSuchFrameException\n        elif status in ErrorCode.NO_SUCH_SHADOW_ROOT:\n            exception_class = NoSuchShadowRootException\n        elif status in ErrorCode.NO_SUCH_WINDOW:\n            exception_class = NoSuchWindowException\n        elif status in ErrorCode.STALE_ELEMENT_REFERENCE:\n            exception_class = StaleElementReferenceException\n        elif status in ErrorCode.ELEMENT_NOT_VISIBLE:\n            exception_class = ElementNotVisibleException\n        elif status in ErrorCode.INVALID_ELEMENT_STATE:\n            exception_class = InvalidElementStateException\n        elif (\n            status in ErrorCode.INVALID_SELECTOR\n            or status in ErrorCode.INVALID_XPATH_SELECTOR\n            or status in ErrorCode.INVALID_XPATH_SELECTOR_RETURN_TYPER\n        ):\n            exception_class = InvalidSelectorException\n        elif status in ErrorCode.ELEMENT_IS_NOT_SELECTABLE:\n            exception_class = ElementNotSelectableException\n        elif status in ErrorCode.ELEMENT_NOT_INTERACTABLE:\n            exception_class = ElementNotInteractableException\n        elif status in ErrorCode.INVALID_COOKIE_DOMAIN:\n            exception_class = InvalidCookieDomainException\n        elif status in ErrorCode.UNABLE_TO_SET_COOKIE:\n            exception_class = UnableToSetCookieException\n        elif status in ErrorCode.TIMEOUT:\n            exception_class = TimeoutException\n        elif status in ErrorCode.SCRIPT_TIMEOUT:\n            exception_class = TimeoutException\n        elif status in ErrorCode.UNKNOWN_ERROR:\n            exception_class = WebDriverException\n        elif status in ErrorCode.UNEXPECTED_ALERT_OPEN:\n            exception_class = UnexpectedAlertPresentException\n        elif status in ErrorCode.NO_ALERT_OPEN:\n            exception_class = NoAlertPresentException\n        elif status in ErrorCode.IME_NOT_AVAILABLE:\n            exception_class = ImeNotAvailableException\n        elif status in ErrorCode.IME_ENGINE_ACTIVATION_FAILED:\n            exception_class = ImeActivationFailedException\n        elif status in ErrorCode.MOVE_TARGET_OUT_OF_BOUNDS:\n            exception_class = MoveTargetOutOfBoundsException\n        elif status in ErrorCode.JAVASCRIPT_ERROR:\n            exception_class = JavascriptException\n        elif status in ErrorCode.SESSION_NOT_CREATED:\n            exception_class = SessionNotCreatedException\n        elif status in ErrorCode.INVALID_ARGUMENT:\n            exception_class = InvalidArgumentException\n        elif status in ErrorCode.NO_SUCH_COOKIE:\n            exception_class = NoSuchCookieException\n        elif status in ErrorCode.UNABLE_TO_CAPTURE_SCREEN:\n            exception_class = ScreenshotException\n        elif status in ErrorCode.ELEMENT_CLICK_INTERCEPTED:\n            exception_class = ElementClickInterceptedException\n        elif status in ErrorCode.INSECURE_CERTIFICATE:\n            exception_class = InsecureCertificateException\n        elif status in ErrorCode.INVALID_COORDINATES:\n            exception_class = InvalidCoordinatesException\n        elif status in ErrorCode.INVALID_SESSION_ID:\n            exception_class = InvalidSessionIdException\n        elif status in ErrorCode.UNKNOWN_METHOD:\n            exception_class = UnknownMethodException\n        else:\n            exception_class = WebDriverException\n        if not value:\n            value = response[\"value\"]\n        if isinstance(value, str):\n            raise exception_class(value)\n        if message == \"\" and \"message\" in value:\n            message = value[\"message\"]\n    \n        screen = None  # type: ignore[assignment]\n        if \"screen\" in value:\n            screen = value[\"screen\"]\n    \n        stacktrace = None\n        st_value = value.get(\"stackTrace\") or value.get(\"stacktrace\")\n        if st_value:\n            if isinstance(st_value, str):\n                stacktrace = st_value.split(\"\\n\")\n            else:\n                stacktrace = []\n                try:\n                    for frame in st_value:\n                        line = frame.get(\"lineNumber\", \"\")\n                        file = frame.get(\"fileName\", \"<anonymous>\")\n                        if line:\n                            file = f\"{file}:{line}\"\n                        meth = frame.get(\"methodName\", \"<anonymous>\")\n                        if \"className\" in frame:\n                            meth = f\"{frame['className']}.{meth}\"\n                        msg = \"    at %s (%s)\"\n                        msg = msg % (meth, file)\n                        stacktrace.append(msg)\n                except TypeError:\n                    pass\n        if exception_class == UnexpectedAlertPresentException:\n            alert_text = None\n            if \"data\" in value:\n                alert_text = value[\"data\"].get(\"text\")\n            elif \"alert\" in value:\n                alert_text = value[\"alert\"].get(\"text\")\n            raise exception_class(message, screen, stacktrace, alert_text)  # type: ignore[call-arg]  # mypy is not smart enough here\n>       raise exception_class(message, screen, stacktrace)\nE       selenium.common.exceptions.NoSuchWindowException: Message: no such window: target window already closed\nE       from unknown error: web view not found\nE         (Session info: chrome=111.0.5563.147)\nE       Stacktrace:\nE       Backtrace:\nE       \t(No symbol) [0x0083DCE3]\nE       \t(No symbol) [0x007D39D1]\nE       \t(No symbol) [0x006E4DA8]\nE       \t(No symbol) [0x006CD0D3]\nE       \t(No symbol) [0x0072EA8B]\nE       \t(No symbol) [0x0073D093]\nE       \t(No symbol) [0x0072ACC6]\nE       \t(No symbol) [0x00706F68]\nE       \t(No symbol) [0x007080CD]\nE       \tGetHandleVerifier [0x00AB3832+2506274]\nE       \tGetHandleVerifier [0x00AE9794+2727300]\nE       \tGetHandleVerifier [0x00AEE36C+2746716]\nE       \tGetHandleVerifier [0x008E6690+617600]\nE       \t(No symbol) [0x007DC712]\nE       \t(No symbol) [0x007E1FF8]\nE       \t(No symbol) [0x007E20DB]\nE       \t(No symbol) [0x007EC63B]\nE       \tBaseThreadInitThunk [0x76487D69+25]\nE       \tRtlInitializeExceptionChain [0x779CB74B+107]\nE       \tRtlClearBits [0x779CB6CF+191]\n\n..\\venv\\lib\\site-packages\\selenium\\webdriver\\remote\\errorhandler.py:245: NoSuchWindowException"}, "start": 1680189438472, "stop": 1680189438472, "uuid": "49cf89ae-5f5c-4027-b1c1-7d24184d25de", "historyId": "64afc9fca578bfa07a432ac3fdbeadf0", "testCaseId": "67cfd52be4c5d0a3dbb86694b951a9d4", "fullName": "test_student_pkdnotactivated.TestZamit#test_Package_is_not_Activated", "labels": [{"name": "tag", "value": "@pytest.mark.usefixtures('setup')"}, {"name": "suite", "value": "test_student_pkdnotactivated"}, {"name": "subSuite", "value": "TestZamit"}, {"name": "host", "value": "M061"}, {"name": "thread", "value": "29936-MainThread"}, {"name": "framework", "value": "pytest"}, {"name": "language", "value": "cpython3"}, {"name": "package", "value": "test_student_pkdnotactivated"}]}